2014-07-15 20:19:42.680 DefconOne[34525:70b] Multi-tasking -> Device: YES, App: YES
2014-07-15 20:19:42.689 DefconOne[34525:70b] Unlimited access to network resources
2014-07-15 20:19:42.693 DefconOne[34525:70b] 

Started backup to iCloud! Please be careful.
Your application might rejected by Apple if you store too much data.
For more information please read "iOS Data Storage Guidelines"
You could find it at the following address https://developer.apple.com/icloud/documentation/data-storage/ .

2014-07-15 20:19:42.713 DefconOne[34525:70b] [CDVTimer][keyboard] 0.111997ms
2014-07-15 20:19:42.714 DefconOne[34525:70b] CDVPlugin class CDVStatusBar (pluginName: statusbar) does not exist.
2014-07-15 20:19:42.714 DefconOne[34525:70b] [CDVTimer][statusbar] 0.465035ms
2014-07-15 20:19:42.714 DefconOne[34525:70b] [CDVTimer][TotalPluginStartup] 1.892984ms
2014-07-15 20:19:42.834 DefconOne[34525:70b] Resetting plugins due to page load.
2014-07-15 20:19:42.994 DefconOne[34525:70b] Finished load of: file:///Users/ben/Library/Application%20Support/iPhone%20Simulator/7.1/Applications/23202DB3-1B3D-4395-A675-FF107772662B/DefconOne.app/www/index.html#/tab/crisis
2014-07-15 20:19:54.068 DefconOne[34525:70b] [{"name":"Ben Bailey","email":"bennettbailey@gmail.com","phone":"5125748333","id":0,"selected":false},{"name":"Ben Two","email":"benfbailey@gmail.com","phone":"5125228276","id":1,"selected":false},{"name":"Brian Bailey","email":"brianbailey@gmail.com","phone":"5125748100","id":2,"selected":true}]
2014-07-15 20:20:09.642 DefconOne[34525:70b] [{"name":"Ben Bailey","email":"bennettbailey@gmail.com","phone":"5125748333","id":0,"selected":false},{"name":"Ben Two","email":"benfbailey@gmail.com","phone":"5125228276","id":1,"selected":false},{"name":"Brian Bailey","email":"brianbailey@gmail.com","phone":"5125748100","id":2,"selected":true}]
2014-07-15 20:30:28.388 DefconOne[34970:70b] Multi-tasking -> Device: YES, App: YES
2014-07-15 20:30:28.400 DefconOne[34970:70b] Unlimited access to network resources
2014-07-15 20:30:28.403 DefconOne[34970:70b] 

Started backup to iCloud! Please be careful.
Your application might rejected by Apple if you store too much data.
For more information please read "iOS Data Storage Guidelines"
You could find it at the following address https://developer.apple.com/icloud/documentation/data-storage/ .

2014-07-15 20:30:28.428 DefconOne[34970:70b] [CDVTimer][keyboard] 0.087023ms
2014-07-15 20:30:28.429 DefconOne[34970:70b] CDVPlugin class CDVStatusBar (pluginName: statusbar) does not exist.
2014-07-15 20:30:28.429 DefconOne[34970:70b] [CDVTimer][statusbar] 0.698030ms
2014-07-15 20:30:28.430 DefconOne[34970:70b] [CDVTimer][TotalPluginStartup] 2.641976ms
2014-07-15 20:30:28.603 DefconOne[34970:70b] Resetting plugins due to page load.
2014-07-15 20:30:28.977 DefconOne[34970:70b] Finished load of: file:///Users/ben/Library/Application%20Support/iPhone%20Simulator/7.1/Applications/23202DB3-1B3D-4395-A675-FF107772662B/DefconOne.app/www/index.html#/tab/crisis
Terminating in response to SpringBoard's termination.
2014-07-16 14:56:44.114 DefconOne[36051:70b] Multi-tasking -> Device: YES, App: YES
2014-07-16 14:56:44.143 DefconOne[36051:70b] Unlimited access to network resources
2014-07-16 14:56:44.147 DefconOne[36051:70b] 

Started backup to iCloud! Please be careful.
Your application might rejected by Apple if you store too much data.
For more information please read "iOS Data Storage Guidelines"
You could find it at the following address https://developer.apple.com/icloud/documentation/data-storage/ .

2014-07-16 14:56:44.281 DefconOne[36051:70b] [CDVTimer][keyboard] 0.117958ms
2014-07-16 14:56:44.281 DefconOne[36051:70b] CDVPlugin class CDVStatusBar (pluginName: statusbar) does not exist.
2014-07-16 14:56:44.282 DefconOne[36051:70b] [CDVTimer][statusbar] 0.433028ms
2014-07-16 14:56:44.282 DefconOne[36051:70b] [CDVTimer][TotalPluginStartup] 1.531005ms
2014-07-16 14:56:44.439 DefconOne[36051:70b] Resetting plugins due to page load.
2014-07-16 14:56:44.805 DefconOne[36051:70b] Finished load of: file:///Users/ben/Library/Application%20Support/iPhone%20Simulator/7.1/Applications/23202DB3-1B3D-4395-A675-FF107772662B/DefconOne.app/www/index.html#/tab/crisis
2014-07-16 14:56:53.212 DefconOne[36051:70b] [{"name":"Ben Bailey","email":"bennettbailey@gmail.com","phone":"5125748333","id":0,"selected":false},{"name":"Ben Two","email":"benfbailey@gmail.com","phone":"5125228276","id":1,"selected":false},{"name":"Brian Bailey","email":"brianbailey@gmail.com","phone":"5125748100","id":2,"selected":true}]
Terminating in response to SpringBoard's termination.
2014-07-16 14:58:09.365 DefconOne[36480:70b] Multi-tasking -> Device: YES, App: YES
2014-07-16 14:58:09.374 DefconOne[36480:70b] Unlimited access to network resources
2014-07-16 14:58:09.377 DefconOne[36480:70b] 

Started backup to iCloud! Please be careful.
Your application might rejected by Apple if you store too much data.
For more information please read "iOS Data Storage Guidelines"
You could find it at the following address https://developer.apple.com/icloud/documentation/data-storage/ .

2014-07-16 14:58:09.395 DefconOne[36480:70b] [CDVTimer][keyboard] 0.087976ms
2014-07-16 14:58:09.395 DefconOne[36480:70b] CDVPlugin class CDVStatusBar (pluginName: statusbar) does not exist.
2014-07-16 14:58:09.395 DefconOne[36480:70b] [CDVTimer][statusbar] 0.420988ms
2014-07-16 14:58:09.396 DefconOne[36480:70b] [CDVTimer][TotalPluginStartup] 1.421034ms
2014-07-16 14:58:09.504 DefconOne[36480:70b] Resetting plugins due to page load.
2014-07-16 14:58:09.715 DefconOne[36480:70b] Finished load of: file:///Users/ben/Library/Application%20Support/iPhone%20Simulator/7.1/Applications/23202DB3-1B3D-4395-A675-FF107772662B/DefconOne.app/www/index.html#/tab/crisis
Terminating in response to SpringBoard's termination.
2014-07-16 15:07:26.795 DefconOne[36946:70b] Multi-tasking -> Device: YES, App: YES
2014-07-16 15:07:26.804 DefconOne[36946:70b] Unlimited access to network resources
2014-07-16 15:07:26.807 DefconOne[36946:70b] 

Started backup to iCloud! Please be careful.
Your application might rejected by Apple if you store too much data.
For more information please read "iOS Data Storage Guidelines"
You could find it at the following address https://developer.apple.com/icloud/documentation/data-storage/ .

2014-07-16 15:07:26.826 DefconOne[36946:70b] [CDVTimer][keyboard] 0.088990ms
2014-07-16 15:07:26.827 DefconOne[36946:70b] CDVPlugin class CDVStatusBar (pluginName: statusbar) does not exist.
2014-07-16 15:07:26.827 DefconOne[36946:70b] [CDVTimer][statusbar] 0.409961ms
2014-07-16 15:07:26.827 DefconOne[36946:70b] [CDVTimer][TotalPluginStartup] 1.406014ms
2014-07-16 15:07:26.936 DefconOne[36946:70b] Resetting plugins due to page load.
2014-07-16 15:07:27.115 DefconOne[36946:70b] Finished load of: file:///Users/ben/Library/Application%20Support/iPhone%20Simulator/7.1/Applications/23202DB3-1B3D-4395-A675-FF107772662B/DefconOne.app/www/index.html#/tab/crisis
2014-07-16 15:07:29.812 DefconOne[36946:70b] [{"name":"Ben Bailey","email":"bennettbailey@gmail.com","phone":"5125748333","id":0,"selected":false},{"name":"Ben Two","email":"benfbailey@gmail.com","phone":"5125228276","id":1,"selected":false},{"name":"Brian Bailey","email":"brianbailey@gmail.com","phone":"5125748100","id":2,"selected":true}]
Terminating in response to SpringBoard's termination.
2014-07-16 15:09:46.818 DefconOne[37381:70b] Multi-tasking -> Device: YES, App: YES
2014-07-16 15:09:46.827 DefconOne[37381:70b] Unlimited access to network resources
2014-07-16 15:09:46.830 DefconOne[37381:70b] 

Started backup to iCloud! Please be careful.
Your application might rejected by Apple if you store too much data.
For more information please read "iOS Data Storage Guidelines"
You could find it at the following address https://developer.apple.com/icloud/documentation/data-storage/ .

2014-07-16 15:09:46.848 DefconOne[37381:70b] [CDVTimer][keyboard] 0.082016ms
2014-07-16 15:09:46.848 DefconOne[37381:70b] CDVPlugin class CDVStatusBar (pluginName: statusbar) does not exist.
2014-07-16 15:09:46.849 DefconOne[37381:70b] [CDVTimer][statusbar] 0.402987ms
2014-07-16 15:09:46.849 DefconOne[37381:70b] [CDVTimer][TotalPluginStartup] 1.394033ms
2014-07-16 15:09:46.914 DefconOne[37381:70b] Resetting plugins due to page load.
2014-07-16 15:09:47.087 DefconOne[37381:70b] Finished load of: file:///Users/ben/Library/Application%20Support/iPhone%20Simulator/7.1/Applications/23202DB3-1B3D-4395-A675-FF107772662B/DefconOne.app/www/index.html#/tab/crisis
2014-07-16 15:10:15.810 DefconOne[37808:70b] Multi-tasking -> Device: YES, App: YES
2014-07-16 15:10:15.816 DefconOne[37808:70b] Unlimited access to network resources
2014-07-16 15:10:15.818 DefconOne[37808:70b] 

Started backup to iCloud! Please be careful.
Your application might rejected by Apple if you store too much data.
For more information please read "iOS Data Storage Guidelines"
You could find it at the following address https://developer.apple.com/icloud/documentation/data-storage/ .

2014-07-16 15:10:15.832 DefconOne[37808:70b] [CDVTimer][keyboard] 0.061035ms
2014-07-16 15:10:15.832 DefconOne[37808:70b] CDVPlugin class CDVStatusBar (pluginName: statusbar) does not exist.
2014-07-16 15:10:15.832 DefconOne[37808:70b] [CDVTimer][statusbar] 0.342011ms
2014-07-16 15:10:15.833 DefconOne[37808:70b] [CDVTimer][TotalPluginStartup] 1.160979ms
2014-07-16 15:10:15.930 DefconOne[37808:70b] Resetting plugins due to page load.
2014-07-16 15:10:16.072 DefconOne[37808:70b] Finished load of: file:///Users/ben/Library/Application%20Support/iPhone%20Simulator/7.1/Applications/23202DB3-1B3D-4395-A675-FF107772662B/DefconOne.app/www/index.html#/tab/crisis
Terminating in response to SpringBoard's termination.
2014-07-16 15:12:34.735 DefconOne[38241:70b] Multi-tasking -> Device: YES, App: YES
2014-07-16 15:12:34.743 DefconOne[38241:70b] Unlimited access to network resources
2014-07-16 15:12:34.747 DefconOne[38241:70b] 

Started backup to iCloud! Please be careful.
Your application might rejected by Apple if you store too much data.
For more information please read "iOS Data Storage Guidelines"
You could find it at the following address https://developer.apple.com/icloud/documentation/data-storage/ .

2014-07-16 15:12:34.765 DefconOne[38241:70b] [CDVTimer][keyboard] 0.084996ms
2014-07-16 15:12:34.767 DefconOne[38241:70b] CDVPlugin class CDVStatusBar (pluginName: statusbar) does not exist.
2014-07-16 15:12:34.767 DefconOne[38241:70b] [CDVTimer][statusbar] 0.445008ms
2014-07-16 15:12:34.770 DefconOne[38241:70b] [CDVTimer][TotalPluginStartup] 4.527986ms
2014-07-16 15:12:34.892 DefconOne[38241:70b] Resetting plugins due to page load.
2014-07-16 15:12:35.074 DefconOne[38241:70b] Finished load of: file:///Users/ben/Library/Application%20Support/iPhone%20Simulator/7.1/Applications/23202DB3-1B3D-4395-A675-FF107772662B/DefconOne.app/www/index.html#/tab/crisis
Terminating in response to SpringBoard's termination.
2014-07-16 15:14:35.846 DefconOne[38686:70b] Multi-tasking -> Device: YES, App: YES
2014-07-16 15:14:35.855 DefconOne[38686:70b] Unlimited access to network resources
2014-07-16 15:14:35.859 DefconOne[38686:70b] 

Started backup to iCloud! Please be careful.
Your application might rejected by Apple if you store too much data.
For more information please read "iOS Data Storage Guidelines"
You could find it at the following address https://developer.apple.com/icloud/documentation/data-storage/ .

2014-07-16 15:14:35.877 DefconOne[38686:70b] [CDVTimer][keyboard] 0.087976ms
2014-07-16 15:14:35.877 DefconOne[38686:70b] CDVPlugin class CDVStatusBar (pluginName: statusbar) does not exist.
2014-07-16 15:14:35.878 DefconOne[38686:70b] [CDVTimer][statusbar] 0.392973ms
2014-07-16 15:14:35.878 DefconOne[38686:70b] [CDVTimer][TotalPluginStartup] 1.389980ms
2014-07-16 15:14:35.935 DefconOne[38686:70b] Resetting plugins due to page load.
2014-07-16 15:14:36.115 DefconOne[38686:70b] Finished load of: file:///Users/ben/Library/Application%20Support/iPhone%20Simulator/7.1/Applications/23202DB3-1B3D-4395-A675-FF107772662B/DefconOne.app/www/index.html#/tab/crisis
2014-07-16 15:15:13.569 DefconOne[38686:70b] [{"name":"Ben Bailey","email":"bennettbailey@gmail.com","phone":"5125748333","id":0,"selected":false},{"name":"Ben Two","email":"benfbailey@gmail.com","phone":"5125228276","id":1,"selected":false},{"name":"Brian Bailey","email":"brianbailey@gmail.com","phone":"5125748100","id":2,"selected":true}]
2014-07-16 15:15:18.664 DefconOne[38686:70b] [{"name":"Ben Bailey","email":"bennettbailey@gmail.com","phone":"5125748333","id":0,"selected":false},{"name":"Ben Two","email":"benfbailey@gmail.com","phone":"5125228276","id":1,"selected":false},{"name":"Brian Bailey","email":"brianbailey@gmail.com","phone":"5125748100","id":2,"selected":true}]
2014-07-16 15:15:33.869 DefconOne[38686:70b] [{"name":"Ben Bailey","email":"bennettbailey@gmail.com","phone":"5125748333","id":0,"selected":false},{"name":"Ben Two","email":"benfbailey@gmail.com","phone":"5125228276","id":1,"selected":false},{"name":"Brian Bailey","email":"brianbailey@gmail.com","phone":"5125748100","id":2,"selected":true}]
Terminating in response to SpringBoard's termination.
2014-07-16 15:16:07.906 DefconOne[39120:70b] Multi-tasking -> Device: YES, App: YES
2014-07-16 15:16:07.915 DefconOne[39120:70b] Unlimited access to network resources
2014-07-16 15:16:07.918 DefconOne[39120:70b] 

Started backup to iCloud! Please be careful.
Your application might rejected by Apple if you store too much data.
For more information please read "iOS Data Storage Guidelines"
You could find it at the following address https://developer.apple.com/icloud/documentation/data-storage/ .

2014-07-16 15:16:07.937 DefconOne[39120:70b] [CDVTimer][keyboard] 0.086010ms
2014-07-16 15:16:07.937 DefconOne[39120:70b] CDVPlugin class CDVStatusBar (pluginName: statusbar) does not exist.
2014-07-16 15:16:07.938 DefconOne[39120:70b] [CDVTimer][statusbar] 0.409007ms
2014-07-16 15:16:07.938 DefconOne[39120:70b] [CDVTimer][TotalPluginStartup] 1.401007ms
2014-07-16 15:16:08.063 DefconOne[39120:70b] Resetting plugins due to page load.
2014-07-16 15:16:08.239 DefconOne[39120:70b] Finished load of: file:///Users/ben/Library/Application%20Support/iPhone%20Simulator/7.1/Applications/23202DB3-1B3D-4395-A675-FF107772662B/DefconOne.app/www/index.html#/tab/crisis
Terminating in response to SpringBoard's termination.
2014-07-16 15:20:05.672 DefconOne[39558:70b] Multi-tasking -> Device: YES, App: YES
2014-07-16 15:20:05.678 DefconOne[39558:70b] Unlimited access to network resources
2014-07-16 15:20:05.681 DefconOne[39558:70b] 

Started backup to iCloud! Please be careful.
Your application might rejected by Apple if you store too much data.
For more information please read "iOS Data Storage Guidelines"
You could find it at the following address https://developer.apple.com/icloud/documentation/data-storage/ .

2014-07-16 15:20:05.695 DefconOne[39558:70b] [CDVTimer][keyboard] 0.086963ms
2014-07-16 15:20:05.695 DefconOne[39558:70b] CDVPlugin class CDVStatusBar (pluginName: statusbar) does not exist.
2014-07-16 15:20:05.696 DefconOne[39558:70b] [CDVTimer][statusbar] 0.458002ms
2014-07-16 15:20:05.696 DefconOne[39558:70b] [CDVTimer][TotalPluginStartup] 1.456976ms
2014-07-16 15:20:05.773 DefconOne[39558:70b] Resetting plugins due to page load.
2014-07-16 15:20:05.881 DefconOne[39558:70b] Finished load of: file:///Users/ben/Library/Application%20Support/iPhone%20Simulator/7.1/Applications/23202DB3-1B3D-4395-A675-FF107772662B/DefconOne.app/www/index.html#/tab/crisis
Terminating in response to SpringBoard's termination.
2014-07-16 15:23:25.367 DefconOne[39991:70b] Multi-tasking -> Device: YES, App: YES
2014-07-16 15:23:25.374 DefconOne[39991:70b] Unlimited access to network resources
2014-07-16 15:23:25.376 DefconOne[39991:70b] 

Started backup to iCloud! Please be careful.
Your application might rejected by Apple if you store too much data.
For more information please read "iOS Data Storage Guidelines"
You could find it at the following address https://developer.apple.com/icloud/documentation/data-storage/ .

2014-07-16 15:23:25.389 DefconOne[39991:70b] [CDVTimer][keyboard] 0.061989ms
2014-07-16 15:23:25.390 DefconOne[39991:70b] CDVPlugin class CDVStatusBar (pluginName: statusbar) does not exist.
2014-07-16 15:23:25.390 DefconOne[39991:70b] [CDVTimer][statusbar] 0.348985ms
2014-07-16 15:23:25.390 DefconOne[39991:70b] [CDVTimer][TotalPluginStartup] 1.185954ms
2014-07-16 15:23:25.482 DefconOne[39991:70b] Resetting plugins due to page load.
2014-07-16 15:23:25.615 DefconOne[39991:70b] Finished load of: file:///Users/ben/Library/Application%20Support/iPhone%20Simulator/7.1/Applications/23202DB3-1B3D-4395-A675-FF107772662B/DefconOne.app/www/index.html#/tab/crisis
Terminating in response to SpringBoard's termination.
2014-07-16 15:24:27.908 DefconOne[40409:70b] Multi-tasking -> Device: YES, App: YES
2014-07-16 15:24:27.917 DefconOne[40409:70b] Unlimited access to network resources
2014-07-16 15:24:27.920 DefconOne[40409:70b] 

Started backup to iCloud! Please be careful.
Your application might rejected by Apple if you store too much data.
For more information please read "iOS Data Storage Guidelines"
You could find it at the following address https://developer.apple.com/icloud/documentation/data-storage/ .

2014-07-16 15:24:27.941 DefconOne[40409:70b] [CDVTimer][keyboard] 0.094950ms
2014-07-16 15:24:27.942 DefconOne[40409:70b] CDVPlugin class CDVStatusBar (pluginName: statusbar) does not exist.
2014-07-16 15:24:27.942 DefconOne[40409:70b] [CDVTimer][statusbar] 0.491977ms
2014-07-16 15:24:27.943 DefconOne[40409:70b] [CDVTimer][TotalPluginStartup] 1.914024ms
2014-07-16 15:24:28.071 DefconOne[40409:70b] Resetting plugins due to page load.
2014-07-16 15:24:28.337 DefconOne[40409:70b] Finished load of: file:///Users/ben/Library/Application%20Support/iPhone%20Simulator/7.1/Applications/23202DB3-1B3D-4395-A675-FF107772662B/DefconOne.app/www/index.html#/tab/crisis
2014-07-16 15:25:21.766 DefconOne[40838:70b] Multi-tasking -> Device: YES, App: YES
2014-07-16 15:25:21.777 DefconOne[40838:70b] Unlimited access to network resources
2014-07-16 15:25:21.780 DefconOne[40838:70b] 

Started backup to iCloud! Please be careful.
Your application might rejected by Apple if you store too much data.
For more information please read "iOS Data Storage Guidelines"
You could find it at the following address https://developer.apple.com/icloud/documentation/data-storage/ .

2014-07-16 15:25:21.802 DefconOne[40838:70b] [CDVTimer][keyboard] 0.095010ms
2014-07-16 15:25:21.802 DefconOne[40838:70b] CDVPlugin class CDVStatusBar (pluginName: statusbar) does not exist.
2014-07-16 15:25:21.803 DefconOne[40838:70b] [CDVTimer][statusbar] 0.452042ms
2014-07-16 15:25:21.803 DefconOne[40838:70b] [CDVTimer][TotalPluginStartup] 1.758039ms
2014-07-16 15:25:21.892 DefconOne[40838:70b] Resetting plugins due to page load.
2014-07-16 15:25:22.006 DefconOne[40838:70b] Finished load of: file:///Users/ben/Library/Application%20Support/iPhone%20Simulator/7.1/Applications/23202DB3-1B3D-4395-A675-FF107772662B/DefconOne.app/www/index.html#/tab/crisis
2014-07-16 15:28:32.554 DefconOne[40838:70b] [{"name":"Ben Bailey","email":"bennettbailey@gmail.com","phone":"5125748333","id":0,"selected":false},{"name":"Ben Two","email":"benfbailey@gmail.com","phone":"5125228276","id":1,"selected":false},{"name":"Brian Bailey","email":"brianbailey@gmail.com","phone":"5125748100","id":2,"selected":true}]
2014-07-16 15:29:05.511 DefconOne[40838:70b] [{"name":"Ben Bailey","email":"bennettbailey@gmail.com","phone":"5125748333","id":0,"selected":false},{"name":"Ben Two","email":"benfbailey@gmail.com","phone":"5125228276","id":1,"selected":false},{"name":"Brian Bailey","email":"brianbailey@gmail.com","phone":"5125748100","id":2,"selected":true}]
2014-07-16 15:30:40.077 DefconOne[41273:70b] Multi-tasking -> Device: YES, App: YES
2014-07-16 15:30:40.086 DefconOne[41273:70b] Unlimited access to network resources
2014-07-16 15:30:40.089 DefconOne[41273:70b] 

Started backup to iCloud! Please be careful.
Your application might rejected by Apple if you store too much data.
For more information please read "iOS Data Storage Guidelines"
You could find it at the following address https://developer.apple.com/icloud/documentation/data-storage/ .

2014-07-16 15:30:40.105 DefconOne[41273:70b] [CDVTimer][keyboard] 0.091970ms
2014-07-16 15:30:40.106 DefconOne[41273:70b] CDVPlugin class CDVStatusBar (pluginName: statusbar) does not exist.
2014-07-16 15:30:40.106 DefconOne[41273:70b] [CDVTimer][statusbar] 0.383019ms
2014-07-16 15:30:40.106 DefconOne[41273:70b] [CDVTimer][TotalPluginStartup] 1.349032ms
2014-07-16 15:30:40.200 DefconOne[41273:70b] Resetting plugins due to page load.
2014-07-16 15:30:40.314 DefconOne[41273:70b] Finished load of: file:///Users/ben/Library/Application%20Support/iPhone%20Simulator/7.1/Applications/23202DB3-1B3D-4395-A675-FF107772662B/DefconOne.app/www/index.html#/tab/crisis
Terminating in response to SpringBoard's termination.
2014-07-16 15:31:51.374 DefconOne[41710:70b] Multi-tasking -> Device: YES, App: YES
2014-07-16 15:31:51.381 DefconOne[41710:70b] Unlimited access to network resources
2014-07-16 15:31:51.389 DefconOne[41710:70b] 

Started backup to iCloud! Please be careful.
Your application might rejected by Apple if you store too much data.
For more information please read "iOS Data Storage Guidelines"
You could find it at the following address https://developer.apple.com/icloud/documentation/data-storage/ .

2014-07-16 15:31:51.408 DefconOne[41710:70b] [CDVTimer][keyboard] 0.059009ms
2014-07-16 15:31:51.408 DefconOne[41710:70b] CDVPlugin class CDVStatusBar (pluginName: statusbar) does not exist.
2014-07-16 15:31:51.408 DefconOne[41710:70b] [CDVTimer][statusbar] 0.333011ms
2014-07-16 15:31:51.409 DefconOne[41710:70b] [CDVTimer][TotalPluginStartup] 1.169980ms
2014-07-16 15:31:51.542 DefconOne[41710:70b] Resetting plugins due to page load.
2014-07-16 15:31:51.731 DefconOne[41710:70b] Finished load of: file:///Users/ben/Library/Application%20Support/iPhone%20Simulator/7.1/Applications/23202DB3-1B3D-4395-A675-FF107772662B/DefconOne.app/www/index.html#/tab/crisis
2014-07-16 15:32:25.515 DefconOne[41710:70b] [{"name":"Ben Bailey","email":"bennettbailey@gmail.com","phone":"5125748333","id":0,"selected":false},{"name":"Ben Two","email":"benfbailey@gmail.com","phone":"5125228276","id":1,"selected":false},{"name":"Brian Bailey","email":"brianbailey@gmail.com","phone":"5125748100","id":2,"selected":true}]
2014-07-16 15:44:10.556 DefconOne[42212:70b] Multi-tasking -> Device: YES, App: YES
2014-07-16 15:44:10.565 DefconOne[42212:70b] Unlimited access to network resources
2014-07-16 15:44:10.569 DefconOne[42212:70b] 

Started backup to iCloud! Please be careful.
Your application might rejected by Apple if you store too much data.
For more information please read "iOS Data Storage Guidelines"
You could find it at the following address https://developer.apple.com/icloud/documentation/data-storage/ .

2014-07-16 15:44:10.587 DefconOne[42212:70b] [CDVTimer][keyboard] 0.090003ms
2014-07-16 15:44:10.588 DefconOne[42212:70b] CDVPlugin class CDVStatusBar (pluginName: statusbar) does not exist.
2014-07-16 15:44:10.589 DefconOne[42212:70b] [CDVTimer][statusbar] 0.910997ms
2014-07-16 15:44:10.590 DefconOne[42212:70b] [CDVTimer][TotalPluginStartup] 2.553999ms
2014-07-16 15:44:10.711 DefconOne[42212:70b] Resetting plugins due to page load.
2014-07-16 15:44:10.845 DefconOne[42212:70b] Finished load of: file:///Users/ben/Library/Application%20Support/iPhone%20Simulator/7.1/Applications/23202DB3-1B3D-4395-A675-FF107772662B/DefconOne.app/www/index.html#/tab/crisis
2014-07-16 15:44:52.009 DefconOne[42643:70b] Multi-tasking -> Device: YES, App: YES
2014-07-16 15:44:52.015 DefconOne[42643:70b] Unlimited access to network resources
2014-07-16 15:44:52.017 DefconOne[42643:70b] 

Started backup to iCloud! Please be careful.
Your application might rejected by Apple if you store too much data.
For more information please read "iOS Data Storage Guidelines"
You could find it at the following address https://developer.apple.com/icloud/documentation/data-storage/ .

2014-07-16 15:44:52.031 DefconOne[42643:70b] [CDVTimer][keyboard] 0.057995ms
2014-07-16 15:44:52.031 DefconOne[42643:70b] CDVPlugin class CDVStatusBar (pluginName: statusbar) does not exist.
2014-07-16 15:44:52.032 DefconOne[42643:70b] [CDVTimer][statusbar] 0.343978ms
2014-07-16 15:44:52.032 DefconOne[42643:70b] [CDVTimer][TotalPluginStartup] 1.113951ms
2014-07-16 15:44:52.129 DefconOne[42643:70b] Resetting plugins due to page load.
2014-07-16 15:44:52.255 DefconOne[42643:70b] Finished load of: file:///Users/ben/Library/Application%20Support/iPhone%20Simulator/7.1/Applications/23202DB3-1B3D-4395-A675-FF107772662B/DefconOne.app/www/index.html#/tab/crisis
2014-07-16 15:46:25.112 DefconOne[43078:70b] Multi-tasking -> Device: YES, App: YES
2014-07-16 15:46:25.122 DefconOne[43078:70b] Unlimited access to network resources
2014-07-16 15:46:25.125 DefconOne[43078:70b] 

Started backup to iCloud! Please be careful.
Your application might rejected by Apple if you store too much data.
For more information please read "iOS Data Storage Guidelines"
You could find it at the following address https://developer.apple.com/icloud/documentation/data-storage/ .

2014-07-16 15:46:25.143 DefconOne[43078:70b] [CDVTimer][keyboard] 0.093997ms
2014-07-16 15:46:25.144 DefconOne[43078:70b] CDVPlugin class CDVStatusBar (pluginName: statusbar) does not exist.
2014-07-16 15:46:25.144 DefconOne[43078:70b] [CDVTimer][statusbar] 0.483990ms
2014-07-16 15:46:25.145 DefconOne[43078:70b] [CDVTimer][TotalPluginStartup] 1.506984ms
2014-07-16 15:46:25.239 DefconOne[43078:70b] Resetting plugins due to page load.
2014-07-16 15:46:25.365 DefconOne[43078:70b] Finished load of: file:///Users/ben/Library/Application%20Support/iPhone%20Simulator/7.1/Applications/23202DB3-1B3D-4395-A675-FF107772662B/DefconOne.app/www/index.html#/tab/crisis
2014-07-16 15:48:11.413 DefconOne[43517:70b] Multi-tasking -> Device: YES, App: YES
2014-07-16 15:48:11.422 DefconOne[43517:70b] Unlimited access to network resources
2014-07-16 15:48:11.426 DefconOne[43517:70b] 

Started backup to iCloud! Please be careful.
Your application might rejected by Apple if you store too much data.
For more information please read "iOS Data Storage Guidelines"
You could find it at the following address https://developer.apple.com/icloud/documentation/data-storage/ .

2014-07-16 15:48:11.444 DefconOne[43517:70b] [CDVTimer][keyboard] 0.062048ms
2014-07-16 15:48:11.445 DefconOne[43517:70b] CDVPlugin class CDVStatusBar (pluginName: statusbar) does not exist.
2014-07-16 15:48:11.445 DefconOne[43517:70b] [CDVTimer][statusbar] 0.358045ms
2014-07-16 15:48:11.445 DefconOne[43517:70b] [CDVTimer][TotalPluginStartup] 1.165986ms
2014-07-16 15:48:11.517 DefconOne[43517:70b] Resetting plugins due to page load.
2014-07-16 15:48:11.634 DefconOne[43517:70b] Finished load of: file:///Users/ben/Library/Application%20Support/iPhone%20Simulator/7.1/Applications/23202DB3-1B3D-4395-A675-FF107772662B/DefconOne.app/www/index.html#/tab/crisis
2014-07-16 15:48:56.474 DefconOne[43517:70b] [{"name":"Ben Bailey","email":"bennettbailey@gmail.com","phone":"5125748333","id":0,"selected":false},{"name":"Ben Two","email":"benfbailey@gmail.com","phone":"5125228276","id":1,"selected":false},{"name":"Brian Bailey","email":"brianbailey@gmail.com","phone":"5125748100","id":2,"selected":true}]
2014-07-16 15:51:48.228 DefconOne[43972:70b] Multi-tasking -> Device: YES, App: YES
2014-07-16 15:51:48.239 DefconOne[43972:70b] Unlimited access to network resources
2014-07-16 15:51:48.242 DefconOne[43972:70b] 

Started backup to iCloud! Please be careful.
Your application might rejected by Apple if you store too much data.
For more information please read "iOS Data Storage Guidelines"
You could find it at the following address https://developer.apple.com/icloud/documentation/data-storage/ .

2014-07-16 15:51:48.259 DefconOne[43972:70b] [CDVTimer][keyboard] 0.087023ms
2014-07-16 15:51:48.259 DefconOne[43972:70b] CDVPlugin class CDVStatusBar (pluginName: statusbar) does not exist.
2014-07-16 15:51:48.260 DefconOne[43972:70b] [CDVTimer][statusbar] 0.433028ms
2014-07-16 15:51:48.260 DefconOne[43972:70b] [CDVTimer][TotalPluginStartup] 1.442015ms
2014-07-16 15:51:48.383 DefconOne[43972:70b] Resetting plugins due to page load.
2014-07-16 15:51:48.573 DefconOne[43972:70b] Finished load of: file:///Users/ben/Library/Application%20Support/iPhone%20Simulator/7.1/Applications/23202DB3-1B3D-4395-A675-FF107772662B/DefconOne.app/www/index.html#/tab/alert
Terminating in response to SpringBoard's termination.
2014-07-16 17:08:16.429 DefconOne[44561:70b] Multi-tasking -> Device: YES, App: YES
2014-07-16 17:08:16.435 DefconOne[44561:70b] Unlimited access to network resources
2014-07-16 17:08:16.437 DefconOne[44561:70b] 

Started backup to iCloud! Please be careful.
Your application might rejected by Apple if you store too much data.
For more information please read "iOS Data Storage Guidelines"
You could find it at the following address https://developer.apple.com/icloud/documentation/data-storage/ .

2014-07-16 17:08:16.453 DefconOne[44561:70b] [CDVTimer][keyboard] 0.092030ms
2014-07-16 17:08:16.454 DefconOne[44561:70b] CDVPlugin class CDVStatusBar (pluginName: statusbar) does not exist.
2014-07-16 17:08:16.455 DefconOne[44561:70b] [CDVTimer][statusbar] 0.871003ms
2014-07-16 17:08:16.455 DefconOne[44561:70b] [CDVTimer][TotalPluginStartup] 2.470016ms
2014-07-16 17:08:16.550 DefconOne[44561:70b] Resetting plugins due to page load.
2014-07-16 17:08:16.669 DefconOne[44561:70b] Finished load of: file:///Users/ben/Library/Application%20Support/iPhone%20Simulator/7.1/Applications/23202DB3-1B3D-4395-A675-FF107772662B/DefconOne.app/www/index.html#/tab/alert
Terminating in response to SpringBoard's termination.
2014-07-16 18:42:04.367 DefconOne[45141:70b] Multi-tasking -> Device: YES, App: YES
2014-07-16 18:42:04.377 DefconOne[45141:70b] Unlimited access to network resources
2014-07-16 18:42:04.381 DefconOne[45141:70b] 

Started backup to iCloud! Please be careful.
Your application might rejected by Apple if you store too much data.
For more information please read "iOS Data Storage Guidelines"
You could find it at the following address https://developer.apple.com/icloud/documentation/data-storage/ .

2014-07-16 18:42:04.406 DefconOne[45141:70b] [CDVTimer][keyboard] 0.095963ms
2014-07-16 18:42:04.407 DefconOne[45141:70b] CDVPlugin class CDVStatusBar (pluginName: statusbar) does not exist.
2014-07-16 18:42:04.408 DefconOne[45141:70b] [CDVTimer][statusbar] 0.840008ms
2014-07-16 18:42:04.409 DefconOne[45141:70b] [CDVTimer][TotalPluginStartup] 2.958000ms
2014-07-16 18:42:04.539 DefconOne[45141:70b] Resetting plugins due to page load.
2014-07-16 18:42:04.772 DefconOne[45141:70b] Finished load of: file:///Users/ben/Library/Application%20Support/iPhone%20Simulator/7.1/Applications/23202DB3-1B3D-4395-A675-FF107772662B/DefconOne.app/www/index.html#/tab/alert
Terminating in response to SpringBoard's termination.
2014-07-16 18:45:46.016 DefconOne[45583:70b] Multi-tasking -> Device: YES, App: YES
2014-07-16 18:45:46.031 DefconOne[45583:70b] Unlimited access to network resources
2014-07-16 18:45:46.035 DefconOne[45583:70b] 

Started backup to iCloud! Please be careful.
Your application might rejected by Apple if you store too much data.
For more information please read "iOS Data Storage Guidelines"
You could find it at the following address https://developer.apple.com/icloud/documentation/data-storage/ .

2014-07-16 18:45:46.147 DefconOne[45583:70b] [CDVTimer][keyboard] 0.099003ms
2014-07-16 18:45:46.148 DefconOne[45583:70b] CDVPlugin class CDVStatusBar (pluginName: statusbar) does not exist.
2014-07-16 18:45:46.149 DefconOne[45583:70b] [CDVTimer][statusbar] 0.681996ms
2014-07-16 18:45:46.149 DefconOne[45583:70b] [CDVTimer][TotalPluginStartup] 2.454996ms
2014-07-16 18:45:46.321 DefconOne[45583:70b] Resetting plugins due to page load.
2014-07-16 18:45:46.825 DefconOne[45583:70b] Finished load of: file:///Users/ben/Library/Application%20Support/iPhone%20Simulator/7.1/Applications/23202DB3-1B3D-4395-A675-FF107772662B/DefconOne.app/www/index.html#/tab/alert
2014-07-16 19:15:58.733 DefconOne[45583:70b] [{"name":"Ben Bailey","email":"bennettbailey@gmail.com","phone":"5125748333","id":0,"selected":true},{"name":"Ben Two","email":"benfbailey@gmail.com","phone":"5125228276","id":1,"selected":false},{"name":"Brian Bailey","email":"brianbailey@gmail.com","phone":"5125748100","id":2,"selected":false}]
2014-07-16 19:16:01.212 DefconOne[45583:70b] [{"name":"Ben Bailey","email":"bennettbailey@gmail.com","phone":"5125748333","id":0,"selected":true},{"name":"Ben Two","email":"benfbailey@gmail.com","phone":"5125228276","id":1,"selected":false},{"name":"Brian Bailey","email":"brianbailey@gmail.com","phone":"5125748100","id":2,"selected":false}]
2014-07-16 19:17:00.447 DefconOne[45583:70b] [{"name":"Ben Bailey","email":"bennettbailey@gmail.com","phone":"5125748333","id":0,"selected":true},{"name":"Ben Two","email":"benfbailey@gmail.com","phone":"5125228276","id":1,"selected":false},{"name":"Brian Bailey","email":"brianbailey@gmail.com","phone":"5125748100","id":2,"selected":false}]
Terminating in response to SpringBoard's termination.
2014-07-16 19:18:50.234 DefconOne[46048:70b] Multi-tasking -> Device: YES, App: YES
2014-07-16 19:18:50.244 DefconOne[46048:70b] Unlimited access to network resources
2014-07-16 19:18:50.247 DefconOne[46048:70b] 

Started backup to iCloud! Please be careful.
Your application might rejected by Apple if you store too much data.
For more information please read "iOS Data Storage Guidelines"
You could find it at the following address https://developer.apple.com/icloud/documentation/data-storage/ .

2014-07-16 19:18:50.271 DefconOne[46048:70b] [CDVTimer][keyboard] 0.087023ms
2014-07-16 19:18:50.271 DefconOne[46048:70b] CDVPlugin class CDVStatusBar (pluginName: statusbar) does not exist.
2014-07-16 19:18:50.272 DefconOne[46048:70b] [CDVTimer][statusbar] 0.655055ms
2014-07-16 19:18:50.272 DefconOne[46048:70b] [CDVTimer][TotalPluginStartup] 1.991987ms
2014-07-16 19:18:50.387 DefconOne[46048:70b] Resetting plugins due to page load.
2014-07-16 19:18:50.569 DefconOne[46048:70b] Finished load of: file:///Users/ben/Library/Application%20Support/iPhone%20Simulator/7.1/Applications/23202DB3-1B3D-4395-A675-FF107772662B/DefconOne.app/www/index.html#/tab/alert
2014-07-16 19:19:05.723 DefconOne[46048:70b] [{"name":"Ben Bailey","email":"bennettbailey@gmail.com","phone":"5125748333","id":0,"selected":true},{"name":"Ben Two","email":"benfbailey@gmail.com","phone":"5125228276","id":1,"selected":false},{"name":"Brian Bailey","email":"brianbailey@gmail.com","phone":"5125748100","id":2,"selected":false}]
Terminating in response to SpringBoard's termination.
2014-07-16 19:20:40.649 DefconOne[46502:70b] Multi-tasking -> Device: YES, App: YES
2014-07-16 19:20:40.659 DefconOne[46502:70b] Unlimited access to network resources
2014-07-16 19:20:40.662 DefconOne[46502:70b] 

Started backup to iCloud! Please be careful.
Your application might rejected by Apple if you store too much data.
For more information please read "iOS Data Storage Guidelines"
You could find it at the following address https://developer.apple.com/icloud/documentation/data-storage/ .

2014-07-16 19:20:40.681 DefconOne[46502:70b] [CDVTimer][keyboard] 0.097990ms
2014-07-16 19:20:40.682 DefconOne[46502:70b] CDVPlugin class CDVStatusBar (pluginName: statusbar) does not exist.
2014-07-16 19:20:40.682 DefconOne[46502:70b] [CDVTimer][statusbar] 0.417948ms
2014-07-16 19:20:40.682 DefconOne[46502:70b] [CDVTimer][TotalPluginStartup] 1.502991ms
2014-07-16 19:20:40.809 DefconOne[46502:70b] Resetting plugins due to page load.
2014-07-16 19:20:40.973 DefconOne[46502:70b] Finished load of: file:///Users/ben/Library/Application%20Support/iPhone%20Simulator/7.1/Applications/23202DB3-1B3D-4395-A675-FF107772662B/DefconOne.app/www/index.html#/tab/alert
2014-07-16 19:20:46.305 DefconOne[46502:70b] [{"name":"Ben Bailey","email":"bennettbailey@gmail.com","phone":"5125748333","id":0,"selected":true},{"name":"Ben Two","email":"benfbailey@gmail.com","phone":"5125228276","id":1,"selected":false},{"name":"Brian Bailey","email":"brianbailey@gmail.com","phone":"5125748100","id":2,"selected":false}]
2014-07-16 19:21:05.815 DefconOne[46502:70b] [{"name":"Ben Bailey","email":"bennettbailey@gmail.com","phone":"5125748333","id":0,"selected":true},{"name":"Ben Two","email":"benfbailey@gmail.com","phone":"5125228276","id":1,"selected":false},{"name":"Brian Bailey","email":"brianbailey@gmail.com","phone":"5125748100","id":2,"selected":false}]
2014-07-16 19:28:38.659 DefconOne[46502:70b] [{"name":"Ben Bailey","email":"bennettbailey@gmail.com","phone":"5125748333","id":0,"selected":true},{"name":"Ben Two","email":"benfbailey@gmail.com","phone":"5125228276","id":1,"selected":false},{"name":"Brian Bailey","email":"brianbailey@gmail.com","phone":"5125748100","id":2,"selected":false}]
2014-07-16 19:28:39.729 DefconOne[46502:70b] [{"name":"Ben Bailey","email":"bennettbailey@gmail.com","phone":"5125748333","id":0,"selected":true},{"name":"Ben Two","email":"benfbailey@gmail.com","phone":"5125228276","id":1,"selected":false},{"name":"Brian Bailey","email":"brianbailey@gmail.com","phone":"5125748100","id":2,"selected":false}]
Terminating in response to SpringBoard's termination.
2014-07-16 19:50:11.699 DefconOne[47029:70b] Multi-tasking -> Device: YES, App: YES
2014-07-16 19:50:11.708 DefconOne[47029:70b] Unlimited access to network resources
2014-07-16 19:50:11.712 DefconOne[47029:70b] 

Started backup to iCloud! Please be careful.
Your application might rejected by Apple if you store too much data.
For more information please read "iOS Data Storage Guidelines"
You could find it at the following address https://developer.apple.com/icloud/documentation/data-storage/ .

2014-07-16 19:50:11.732 DefconOne[47029:70b] [CDVTimer][keyboard] 0.090003ms
2014-07-16 19:50:11.732 DefconOne[47029:70b] CDVPlugin class CDVStatusBar (pluginName: statusbar) does not exist.
2014-07-16 19:50:11.733 DefconOne[47029:70b] [CDVTimer][statusbar] 0.407994ms
2014-07-16 19:50:11.733 DefconOne[47029:70b] [CDVTimer][TotalPluginStartup] 1.389980ms
2014-07-16 19:50:11.884 DefconOne[47029:70b] Resetting plugins due to page load.
2014-07-16 19:50:12.118 DefconOne[47029:70b] Finished load of: file:///Users/ben/Library/Application%20Support/iPhone%20Simulator/7.1/Applications/23202DB3-1B3D-4395-A675-FF107772662B/DefconOne.app/www/index.html#/tab/alert
2014-07-16 19:50:52.877 DefconOne[47029:70b] [{"name":"Ben Bailey","email":"bennettbailey@gmail.com","phone":"5125748333","id":0,"selected":true},{"name":"Ben Two","email":"benfbailey@gmail.com","phone":"5125228276","id":1,"selected":false},{"name":"Brian Bailey","email":"brianbailey@gmail.com","phone":"5125748100","id":2,"selected":false}]
2014-07-16 20:00:19.283 DefconOne[47029:70b] [{"name":"Ben Bailey","email":"bennettbailey@gmail.com","phone":"5125748333","id":0,"selected":true},{"name":"Ben Two","email":"benfbailey@gmail.com","phone":"5125228276","id":1,"selected":false},{"name":"Brian Bailey","email":"brianbailey@gmail.com","phone":"5125748100","id":2,"selected":false}]
2014-07-16 20:00:23.112 DefconOne[47029:70b] [{"name":"Ben Bailey","email":"bennettbailey@gmail.com","phone":"5125748333","id":0,"selected":true},{"name":"Ben Two","email":"benfbailey@gmail.com","phone":"5125228276","id":1,"selected":false},{"name":"Brian Bailey","email":"brianbailey@gmail.com","phone":"5125748100","id":2,"selected":false}]
2014-07-16 20:00:27.842 DefconOne[47029:70b] [{"name":"Ben Bailey","email":"bennettbailey@gmail.com","phone":"5125748333","id":0,"selected":true},{"name":"Ben Two","email":"benfbailey@gmail.com","phone":"5125228276","id":1,"selected":false},{"name":"Brian Bailey","email":"brianbailey@gmail.com","phone":"5125748100","id":2,"selected":false}]
Terminating in response to SpringBoard's termination.
2014-07-16 22:12:34.763 DefconOne[47697:70b] Multi-tasking -> Device: YES, App: YES
2014-07-16 22:12:34.772 DefconOne[47697:70b] Unlimited access to network resources
2014-07-16 22:12:34.777 DefconOne[47697:70b] 

Started backup to iCloud! Please be careful.
Your application might rejected by Apple if you store too much data.
For more information please read "iOS Data Storage Guidelines"
You could find it at the following address https://developer.apple.com/icloud/documentation/data-storage/ .

2014-07-16 22:12:34.798 DefconOne[47697:70b] [CDVTimer][keyboard] 0.093997ms
2014-07-16 22:12:34.799 DefconOne[47697:70b] CDVPlugin class CDVStatusBar (pluginName: statusbar) does not exist.
2014-07-16 22:12:34.799 DefconOne[47697:70b] [CDVTimer][statusbar] 0.486970ms
2014-07-16 22:12:34.800 DefconOne[47697:70b] [CDVTimer][TotalPluginStartup] 1.514971ms
2014-07-16 22:12:34.861 DefconOne[47697:70b] Resetting plugins due to page load.
2014-07-16 22:12:35.081 DefconOne[47697:70b] Finished load of: file:///Users/ben/Library/Application%20Support/iPhone%20Simulator/7.1/Applications/23202DB3-1B3D-4395-A675-FF107772662B/DefconOne.app/www/index.html#/tab/alert
2014-07-17 17:01:06.387 DefconOne[48812:70b] Multi-tasking -> Device: YES, App: YES
2014-07-17 17:01:06.418 DefconOne[48812:70b] Unlimited access to network resources
2014-07-17 17:01:06.423 DefconOne[48812:70b] 

Started backup to iCloud! Please be careful.
Your application might rejected by Apple if you store too much data.
For more information please read "iOS Data Storage Guidelines"
You could find it at the following address https://developer.apple.com/icloud/documentation/data-storage/ .

2014-07-17 17:01:06.549 DefconOne[48812:70b] [CDVTimer][keyboard] 0.087976ms
2014-07-17 17:01:06.550 DefconOne[48812:70b] CDVPlugin class CDVStatusBar (pluginName: statusbar) does not exist.
2014-07-17 17:01:06.550 DefconOne[48812:70b] [CDVTimer][statusbar] 0.389040ms
2014-07-17 17:01:06.551 DefconOne[48812:70b] [CDVTimer][TotalPluginStartup] 1.341999ms
2014-07-17 17:01:06.710 DefconOne[48812:70b] Resetting plugins due to page load.
2014-07-17 17:01:07.065 DefconOne[48812:70b] Finished load of: file:///Users/ben/Library/Application%20Support/iPhone%20Simulator/7.1/Applications/23202DB3-1B3D-4395-A675-FF107772662B/DefconOne.app/www/index.html#/tab/alert
2014-07-17 17:01:59.114 DefconOne[48812:70b] [{"name":"Ben Bailey","email":"bennettbailey@gmail.com","phone":"5125748333","id":0,"selected":true},{"name":"Ben Two","email":"benfbailey@gmail.com","phone":"5125228276","id":1,"selected":false},{"name":"Brian Bailey","email":"brianbailey@gmail.com","phone":"5125748100","id":2,"selected":false}]
2014-07-17 17:02:20.890 DefconOne[48812:70b] [{"name":"Ben Bailey","email":"bennettbailey@gmail.com","phone":"5125748333","id":0,"selected":true},{"name":"Ben Two","email":"benfbailey@gmail.com","phone":"5125228276","id":1,"selected":false},{"name":"Brian Bailey","email":"brianbailey@gmail.com","phone":"5125748100","id":2,"selected":false}]
Terminating in response to SpringBoard's termination.
2014-07-17 17:08:28.641 DefconOne[49254:70b] Multi-tasking -> Device: YES, App: YES
2014-07-17 17:08:28.651 DefconOne[49254:70b] Unlimited access to network resources
2014-07-17 17:08:28.654 DefconOne[49254:70b] 

Started backup to iCloud! Please be careful.
Your application might rejected by Apple if you store too much data.
For more information please read "iOS Data Storage Guidelines"
You could find it at the following address https://developer.apple.com/icloud/documentation/data-storage/ .

2014-07-17 17:08:28.672 DefconOne[49254:70b] [CDVTimer][keyboard] 0.083983ms
2014-07-17 17:08:28.674 DefconOne[49254:70b] CDVPlugin class CDVStatusBar (pluginName: statusbar) does not exist.
2014-07-17 17:08:28.675 DefconOne[49254:70b] [CDVTimer][statusbar] 0.443041ms
2014-07-17 17:08:28.675 DefconOne[49254:70b] [CDVTimer][TotalPluginStartup] 3.068030ms
2014-07-17 17:08:28.792 DefconOne[49254:70b] Resetting plugins due to page load.
2014-07-17 17:08:28.948 DefconOne[49254:70b] Finished load of: file:///Users/ben/Library/Application%20Support/iPhone%20Simulator/7.1/Applications/23202DB3-1B3D-4395-A675-FF107772662B/DefconOne.app/www/index.html#/tab/alert
